3,3,5,8,17
3,3,15,25,46
3,3,30,42,88
3,3,38,61,111
3,3,50,84,146
3,3,60,83,165
3,3,75,113,202
3,3,80,128,207
3,3,100,150,259
3,3,150,223,391
3,5,5,10,17
3,5,15,25,46
3,5,30,51,84
3,5,38,56,103
3,5,50,74,129
3,5,60,87,149
3,5,75,112,191
3,5,80,116,208
3,5,100,153,234
3,5,150,222,341
3,7,5,7,16
3,7,15,25,41
3,7,30,50,80
3,7,38,62,102
3,7,50,78,130
3,7,60,92,156
3,7,75,118,185
3,7,80,115,184
3,7,100,154,244
3,7,150,202,329
3,10,5,11,17
3,10,15,28,41
3,10,30,53,77
3,10,38,57,93
3,10,50,70,113
3,10,60,84,142
3,10,75,124,167
3,10,80,125,179
3,10,100,158,204
3,10,150,230,284
3,15,5,9,16
3,15,15,19,46
3,15,30,32,76
3,15,38,60,97
3,15,50,78,120
3,15,60,76,132
3,15,75,95,153
3,15,80,112,165
3,15,100,136,185
3,15,150,221,259
3,20,5,9,17
3,20,15,23,40
3,20,30,49,78
3,20,38,64,86
3,20,50,79,115
3,20,60,86,132
3,20,75,118,170
3,20,80,101,152
3,20,100,151,175
3,20,150,203,228
3,30,5,12,16
3,30,15,24,45
3,30,30,45,71
3,30,38,64,84
3,30,50,75,106
3,30,60,98,123
3,30,75,113,145
3,30,80,127,132
3,30,100,155,157
3,30,150,209,211
3,60,5,10,15
3,60,15,24,40
3,60,30,48,67
3,60,38,60,72
3,60,50,72,84
3,60,60,100,108
3,60,75,122,109
3,60,80,122,113
3,60,100,145,117
3,60,150,219,142
3,80,5,12,16
3,80,15,24,39
3,80,30,43,60
3,80,38,58,70
3,80,50,71,74
3,80,60,90,85
3,80,75,116,106
3,80,80,118,106
3,80,100,147,114
3,80,150,218,134
3,100,5,11,16
3,100,15,27,38
3,100,30,53,53
3,100,38,61,64
3,100,50,75,75
3,100,60,101,75
3,100,75,98,81
3,100,80,111,85
3,100,100,148,95
3,100,150,223,104
5,3,5,16,25
5,3,15,41,71
5,3,30,77,131
5,3,38,98,170
5,3,50,112,219
5,3,60,150,258
5,3,75,200,312
5,3,80,202,326
5,3,100,259,399
5,3,150,352,574
5,5,5,16,23
5,5,15,38,69
5,5,30,85,136
5,5,38,94,159
5,5,50,130,213
5,5,60,150,227
5,5,75,193,288
5,5,80,219,306
5,5,100,262,367
5,5,150,355,466
5,7,5,18,26
5,7,15,41,69
5,7,30,84,125
5,7,38,109,163
5,7,50,133,183
5,7,60,153,220
5,7,75,174,262
5,7,80,186,288
5,7,100,254,342
5,7,150,359,431
5,10,5,16,25
5,10,15,37,66
5,10,30,74,129
5,10,38,96,142
5,10,50,118,170
5,10,60,143,196
5,10,75,196,245
5,10,80,198,265
5,10,100,247,284
5,10,150,340,414
5,15,5,17,24
5,15,15,43,64
5,15,30,70,114
5,15,38,107,135
5,15,50,127,183
5,15,60,148,188
5,15,75,186,220
5,15,80,217,231
5,15,100,241,270
5,15,150,370,335
5,20,5,17,26
5,20,15,43,57
5,20,30,74,109
5,20,38,100,126
5,20,50,124,153
5,20,60,125,181
5,20,75,185,212
5,20,80,195,208
5,20,100,221,214
5,20,150,364,282
5,30,5,17,24
5,30,15,40,58
5,30,30,84,96
5,30,38,98,126
5,30,50,129,138
5,30,60,154,152
5,30,75,175,173
5,30,80,212,167
5,30,100,245,203
5,30,150,371,234
5,60,5,19,23
5,60,15,37,49
5,60,30,68,91
5,60,38,94,95
5,60,50,129,122
5,60,60,162,130
5,60,75,177,129
5,60,80,200,125
5,60,100,241,144
5,60,150,362,169
5,80,5,11,25
5,80,15,34,58
5,80,30,83,87
5,80,38,99,94
5,80,50,126,103
5,80,60,143,115
5,80,75,170,118
5,80,80,195,126
5,80,100,261,121
5,80,150,380,138
5,100,5,14,20
5,100,15,37,47
5,100,30,75,78
5,100,38,99,76
5,100,50,126,89
5,100,60,157,87
5,100,75,177,95
5,100,80,201,100
5,100,100,222,101
5,100,150,376,119
7,3,5,20,36
7,3,15,52,93
7,3,30,101,170
7,3,38,126,217
7,3,50,175,280
7,3,60,207,330
7,3,75,256,425
7,3,80,300,434
7,3,100,309,519
7,3,150,499,696
7,5,5,15,37
7,5,15,48,95
7,5,30,112,176
7,5,38,138,211
7,5,50,164,271
7,5,60,214,289
7,5,75,282,372
7,5,80,288,379
7,5,100,324,440
7,5,150,500,649
7,7,5,13,33
7,7,15,64,90
7,7,30,113,163
7,7,38,132,193
7,7,50,174,232
7,7,60,222,287
7,7,75,263,321
7,7,80,260,354
7,7,100,338,409
7,7,150,503,507
7,10,5,21,37
7,10,15,55,86
7,10,30,104,148
7,10,38,143,175
7,10,50,168,217
7,10,60,216,247
7,10,75,244,301
7,10,80,270,313
7,10,100,350,361
7,10,150,499,471
7,15,5,19,35
7,15,15,61,85
7,15,30,112,142
7,15,38,143,162
7,15,50,167,201
7,15,60,191,227
7,15,75,277,267
7,15,80,286,275
7,15,100,357,307
7,15,150,494,380
7,20,5,19,32
7,20,15,54,85
7,20,30,110,127
7,20,38,134,161
7,20,50,169,175
7,20,60,222,203
7,20,75,239,233
7,20,80,262,243
7,20,100,349,282
7,20,150,504,331
7,30,5,15,33
7,30,15,56,86
7,30,30,90,123
7,30,38,137,142
7,30,50,176,168
7,30,60,206,179
7,30,75,282,197
7,30,80,302,213
7,30,100,352,222
7,30,150,526,268
7,60,5,21,30
7,60,15,57,75
7,60,30,99,107
7,60,38,138,115
7,60,50,184,128
7,60,60,178,140
7,60,75,256,147
7,60,80,274,153
7,60,100,375,160
7,60,150,501,176
7,80,5,19,36
7,80,15,61,65
7,80,30,103,90
7,80,38,117,99
7,80,50,170,118
7,80,60,193,125
7,80,75,268,128
7,80,80,264,133
7,80,100,363,142
7,80,150,519,160
7,100,5,24,30
7,100,15,50,57
7,100,30,100,81
7,100,38,129,86
7,100,50,183,94
7,100,60,210,97
7,100,75,250,106
7,100,80,259,95
7,100,100,347,115
7,100,150,499,131
10,3,5,27,49
10,3,15,73,129
10,3,30,150,237
10,3,38,175,297
10,3,50,224,379
10,3,60,316,430
10,3,75,370,557
10,3,80,398,567
10,3,100,492,676
10,3,150,701,915
10,5,5,25,46
10,5,15,77,124
10,5,30,147,223
10,5,38,169,252
10,5,50,258,352
10,5,60,266,350
10,5,75,405,460
10,5,80,388,468
10,5,100,461,565
10,5,150,733,732
10,7,5,24,46
10,7,15,65,123
10,7,30,144,205
10,7,38,191,251
10,7,50,213,300
10,7,60,283,346
10,7,75,363,395
10,7,80,370,420
10,7,100,482,499
10,7,150,705,644
10,10,5,19,48
10,10,15,68,112
10,10,30,154,185
10,10,38,188,233
10,10,50,259,286
10,10,60,301,321
10,10,75,370,367
10,10,80,404,361
10,10,100,471,452
10,10,150,700,560
10,15,5,23,48
10,15,15,69,101
10,15,30,177,169
10,15,38,178,192
10,15,50,258,234
10,15,60,290,256
10,15,75,354,320
10,15,80,401,330
10,15,100,481,361
10,15,150,703,451
10,20,5,22,43
10,20,15,70,101
10,20,30,137,159
10,20,38,194,187
10,20,50,240,217
10,20,60,297,238
10,20,75,377,278
10,20,80,393,267
10,20,100,474,320
10,20,150,691,370
10,30,5,28,44
10,30,15,70,94
10,30,30,157,155
10,30,38,209,156
10,30,50,261,191
10,30,60,292,201
10,30,75,362,225
10,30,80,406,237
10,30,100,480,242
10,30,150,695,275
10,60,5,26,41
10,60,15,67,85
10,60,30,151,116
10,60,38,199,126
10,60,50,270,146
10,60,60,289,164
10,60,75,381,166
10,60,80,382,169
10,60,100,480,173
10,60,150,713,190
10,80,5,22,39
10,80,15,69,75
10,80,30,152,103
10,80,38,184,122
10,80,50,237,137
10,80,60,295,137
10,80,75,377,139
10,80,80,421,153
10,80,100,488,155
10,80,150,732,176
10,100,5,24,36
10,100,15,70,72
10,100,30,155,89
10,100,38,192,104
10,100,50,229,102
10,100,60,311,106
10,100,75,398,115
10,100,80,376,121
10,100,100,488,127
10,100,150,691,123
20,3,5,47,89
20,3,15,133,217
20,3,30,301,397
20,3,38,372,455
20,3,50,466,626
20,3,60,595,711
20,3,75,700,851
20,3,80,759,882
20,3,100,960,1096
20,3,150,1405,1360
20,5,5,43,80
20,5,15,133,197
20,5,30,280,329
20,5,38,359,380
20,5,50,482,516
20,5,60,560,575
20,5,75,736,690
20,5,80,788,694
20,5,100,957,797
20,5,150,1470,1015
20,7,5,53,87
20,7,15,153,192
20,7,30,280,310
20,7,38,349,373
20,7,50,446,445
20,7,60,548,500
20,7,75,726,569
20,7,80,743,611
20,7,100,972,695
20,7,150,1406,824
20,10,5,41,81
20,10,15,136,173
20,10,30,292,290
20,10,38,372,311
20,10,50,494,380
20,10,60,577,439
20,10,75,724,472
20,10,80,786,502
20,10,100,972,567
20,10,150,1480,678
20,15,5,43,81
20,15,15,157,166
20,15,30,298,258
20,15,38,378,270
20,15,50,504,324
20,15,60,602,352
20,15,75,727,375
20,15,80,735,407
20,15,100,941,450
20,15,150,1433,527
20,20,5,38,77
20,20,15,129,149
20,20,30,281,225
20,20,38,366,258
20,20,50,469,284
20,20,60,582,307
20,20,75,723,346
20,20,80,752,351
20,20,100,947,386
20,20,150,1457,445
20,30,5,38,77
20,30,15,127,140
20,30,30,287,193
20,30,38,357,215
20,30,50,479,220
20,30,60,573,235
20,30,75,717,260
20,30,80,769,285
20,30,100,977,313
20,30,150,1451,340
20,60,5,57,68
20,60,15,138,109
20,60,30,292,143
20,60,38,345,154
20,60,50,487,166
20,60,60,601,174
20,60,75,721,188
20,60,80,775,195
20,60,100,979,191
20,60,150,1429,210
20,80,5,40,61
20,80,15,150,105
20,80,30,273,127
20,80,38,366,137
20,80,50,459,159
20,80,60,554,164
20,80,75,726,161
20,80,80,767,161
20,80,100,934,170
20,80,150,1429,187
20,100,5,43,52
20,100,15,150,87
20,100,30,287,110
20,100,38,364,110
20,100,50,482,122
20,100,60,569,119
20,100,75,730,128
20,100,80,746,130
20,100,100,930,141
20,100,150,1433,147
50,3,5,92,183
50,3,15,309,356
50,3,30,701,671
50,3,38,850,779
50,3,50,1133,973
50,3,60,1337,1118
50,3,75,1748,1242
50,3,80,1809,1358
50,3,100,2321,1552
50,3,150,3476,1960
50,5,5,99,161
50,5,15,304,323
50,5,30,685,515
50,5,38,875,646
50,5,50,1108,723
50,5,60,1337,873
50,5,75,1724,973
50,5,80,1865,997
50,5,100,2357,1108
50,5,150,3467,1331
50,7,5,100,158
50,7,15,325,298
50,7,30,669,485
50,7,38,841,525
50,7,50,1146,641
50,7,60,1398,719
50,7,75,1756,800
50,7,80,1894,863
50,7,100,2365,935
50,7,150,3516,1082
50,10,5,95,143
50,10,15,295,269
50,10,30,701,389
50,10,38,870,441
50,10,50,1115,538
50,10,60,1408,588
50,10,75,1706,645
50,10,80,1873,670
50,10,100,2309,738
50,10,150,3516,857
50,15,5,100,137
50,15,15,316,231
50,15,30,703,310
50,15,38,868,372
50,15,50,1172,425
50,15,60,1350,454
50,15,75,1726,498
50,15,80,1878,522
50,15,100,2378,565
50,15,150,3512,630
50,20,5,96,128
50,20,15,322,213
50,20,30,686,296
50,20,38,845,320
50,20,50,1158,394
50,20,60,1391,404
50,20,75,1742,436
50,20,80,1883,450
50,20,100,2275,461
50,20,150,3484,521
50,30,5,93,120
50,30,15,320,184
50,30,30,724,248
50,30,38,870,251
50,30,50,1176,292
50,30,60,1384,302
50,30,75,1769,327
50,30,80,1824,334
50,30,100,2285,349
50,30,150,3593,378
50,60,5,97,106
50,60,15,348,137
50,60,30,662,158
50,60,38,860,179
50,60,50,1179,194
50,60,60,1422,204
50,60,75,1809,204
50,60,80,1924,205
50,60,100,2375,214
50,60,150,3587,221
50,80,5,96,91
50,80,15,317,128
50,80,30,740,161
50,80,38,819,165
50,80,50,1179,176
50,80,60,1376,175
50,80,75,1739,187
50,80,80,1886,186
50,80,100,2404,195
50,80,150,3494,210
50,100,5,87,80
50,100,15,298,107
50,100,30,675,128
50,100,38,852,135
50,100,50,1151,139
50,100,60,1439,136
50,100,75,1760,145
50,100,80,1909,142
50,100,100,2304,154
50,100,150,3432,159
100,3,5,141,256
100,3,15,576,506
100,3,30,1277,898
100,3,38,1615,1037
100,3,50,2109,1249
100,3,60,2606,1430
100,3,75,3290,1714
100,3,80,3605,1761
100,3,100,4395,1998
100,3,150,6664,2351
100,5,5,160,229
100,5,15,620,456
100,5,30,1258,728
100,5,38,1609,813
100,5,50,2080,957
100,5,60,2647,1054
100,5,75,3386,1170
100,5,80,3534,1238
100,5,100,4525,1401
100,5,150,6775,1624
100,7,5,145,212
100,7,15,566,377
100,7,30,1260,595
100,7,38,1644,679
100,7,50,2240,813
100,7,60,2675,849
100,7,75,3360,976
100,7,80,3536,1002
100,7,100,4468,1130
100,7,150,6717,1243
100,10,5,148,196
100,10,15,581,339
100,10,30,1266,487
100,10,38,1601,580
100,10,50,2196,642
100,10,60,2676,697
100,10,75,3225,757
100,10,80,3535,775
100,10,100,4424,852
100,10,150,7018,939
100,15,5,142,180
100,15,15,583,278
100,15,30,1262,379
100,15,38,1650,432
100,15,50,2175,517
100,15,60,2621,539
100,15,75,3271,589
100,15,80,3607,600
100,15,100,4589,608
100,15,150,6797,698
100,20,5,159,176
100,20,15,625,266
100,20,30,1306,354
100,20,38,1622,381
100,20,50,2268,432
100,20,60,2733,459
100,20,75,3375,488
100,20,80,3631,496
100,20,100,4497,522
100,20,150,6822,558
100,30,5,131,154
100,30,15,592,204
100,30,30,1221,278
100,30,38,1588,300
100,30,50,2261,330
100,30,60,2702,339
100,30,75,3313,365
100,30,80,3551,364
100,30,100,4510,380
100,30,150,6826,399
100,60,5,160,114
100,60,15,654,154
100,60,30,1224,181
100,60,38,1572,199
100,60,50,2236,207
100,60,60,2659,209
100,60,75,3356,218
100,60,80,3537,213
100,60,100,4463,218
100,60,150,6779,230
100,80,5,158,111
100,80,15,579,146
100,80,30,1242,165
100,80,38,1666,176
100,80,50,2166,185
100,80,60,2690,191
100,80,75,3500,200
100,80,80,3536,201
100,80,100,4482,202
100,80,150,6897,206
100,100,5,149,93
100,100,15,556,117
100,100,30,1306,140
100,100,38,1613,146
100,100,50,2208,146
100,100,60,2613,150
100,100,75,3260,154
100,100,80,3660,162
100,100,100,4566,157
100,100,150,6872,170
500,3,5,457,424
500,3,15,1902,869
500,3,30,4494,1443
500,3,38,5743,1660
500,3,50,7752,1894
500,3,60,9599,2110
